<?xml version="1.0" encoding="UTF-8"?>
<!-- Generated by org.testng.reporters.JUnitReportReporter -->
<testsuite hostname="DESKTOP-NO8PTT8" failures="0" tests="1" name="com.training.sanity.tests.SimpleTC1" time="21.514" errors="0" timestamp="2020-07-04T23:08:04 IST" skipped="0">
  <testcase classname="com.training.sanity.tests.SimpleTC1" name="validLoginTest" time="21.514"/>
  <system-out/>
</testsuite> <!-- com.training.sanity.tests.SimpleTC1 -->
