<?xml version="1.0" encoding="UTF-8"?>
<!-- Generated by org.testng.reporters.JUnitReportReporter -->
<testsuite hostname="DESKTOP-NO8PTT8" failures="0" tests="1" name="com.training.sanity.tests.SimpleTC2" time="24.734" errors="0" timestamp="2020-07-05T00:00:54 IST" skipped="0">
  <testcase classname="com.training.sanity.tests.SimpleTC2" name="validLoginTest" time="24.734"/>
  <system-out/>
</testsuite> <!-- com.training.sanity.tests.SimpleTC2 -->
