<?xml version="1.0" encoding="UTF-8"?>
<!-- Generated by org.testng.reporters.JUnitReportReporter -->
<testsuite hostname="DESKTOP-NO8PTT8" failures="0" tests="1" name="com.training.sanity.tests.MediumTC1" time="23.551" errors="0" timestamp="2020-07-05T18:43:59 IST" skipped="0">
  <testcase classname="com.training.sanity.tests.MediumTC1" name="validLoginTest" time="23.551"/>
  <system-out/>
</testsuite> <!-- com.training.sanity.tests.MediumTC1 -->
