<?xml version="1.0" encoding="UTF-8"?>
<!-- Generated by org.testng.reporters.JUnitReportReporter -->
<testsuite hostname="DESKTOP-NO8PTT8" failures="0" tests="1" name="com.training.sanity.tests.MediumTC3" time="22.016" errors="0" timestamp="2020-07-05T19:43:53 IST" skipped="0">
  <testcase classname="com.training.sanity.tests.MediumTC3" name="validLoginTest" time="22.016"/>
  <system-out/>
</testsuite> <!-- com.training.sanity.tests.MediumTC3 -->
