<?xml version="1.0" encoding="UTF-8"?>
<!-- Generated by org.testng.reporters.JUnitReportReporter -->
<testsuite hostname="DESKTOP-NO8PTT8" failures="0" tests="1" name="com.training.sanity.tests.MediumTC2" time="20.617" errors="0" timestamp="2020-07-05T19:00:25 IST" skipped="0">
  <testcase classname="com.training.sanity.tests.MediumTC2" name="validLoginTest" time="20.617"/>
  <system-out/>
</testsuite> <!-- com.training.sanity.tests.MediumTC2 -->
